info it worked if it ends with ok
verbose cli [ '/shared/software/c9/support/node-c9-builds/bin/node-sunos-v0.6.8-security',
verbose cli   '/shared/users/$ez/ezs/npm/bin/npm-cli.js',
verbose cli   'install',
verbose cli   'http' ]
info using npm@1.0.106
info using node@v0.6.8
verbose config file /root/.npmrc
verbose config file /shared/software/c9/support/node-c9-builds/etc/npmrc
verbose config file /shared/users/$ez/ezs/npm/npmrc
silly testEngine { name: 'connect',
silly testEngine   version: '1.8.7',
silly testEngine   description: 'High performance middleware framework',
silly testEngine   keywords: [ 'framework', 'web', 'middleware', 'connect', 'rack' ],
silly testEngine   repository: { type: 'git', url: 'git://github.com/senchalabs/connect.git' },
silly testEngine   author: 
silly testEngine    { name: 'TJ Holowaychuk',
silly testEngine      email: 'tj@vision-media.ca',
silly testEngine      url: 'http://tjholowaychuk.com' },
silly testEngine   dependencies: { qs: '>= 0.4.0', mime: '>= 0.0.1', formidable: '1.0.x' },
silly testEngine   devDependencies: 
silly testEngine    { expresso: '0.9.2',
silly testEngine      koala: '0.1.2',
silly testEngine      less: '1.1.1',
silly testEngine      sass: '0.5.0',
silly testEngine      markdown: '0.2.1',
silly testEngine      ejs: '0.4.3',
silly testEngine      should: '0.3.2' },
silly testEngine   main: 'index',
silly testEngine   engines: { node: '>= 0.4.1 < 0.7.0' },
silly testEngine   _id: 'connect@1.8.7',
silly testEngine   _engineSupported: true,
silly testEngine   _npmVersion: '1.0.106',
silly testEngine   _nodeVersion: 'v0.6.8',
silly testEngine   _defaultsLoaded: true }
verbose caching /shared/users/$ez/ezs/171900/node_modules/connect/package.json
verbose loadDefaults connect@1.8.7
silly testEngine { name: 'jade',
silly testEngine   description: 'Jade template engine',
silly testEngine   version: '0.25.0',
silly testEngine   author: { name: 'TJ Holowaychuk', email: 'tj@vision-media.ca' },
silly testEngine   repository: { type: 'git', url: 'git://github.com/visionmedia/jade.git' },
silly testEngine   main: './index.js',
silly testEngine   bin: { jade: './bin/jade' },
silly testEngine   man: [ './jade.1' ],
silly testEngine   dependencies: { commander: '0.5.2', mkdirp: '0.3.0' },
silly testEngine   devDependencies: 
silly testEngine    { mocha: '*',
silly testEngine      markdown: '*',
silly testEngine      stylus: '*',
silly testEngine      uubench: '*',
silly testEngine      should: '*',
silly testEngine      less: '*',
silly testEngine      'uglify-js': '*' },
silly testEngine   scripts: { prepublish: 'npm prune' },
silly testEngine   engines: { node: '>= 0.1.98' },
silly testEngine   _id: 'jade@0.25.0',
silly testEngine   _engineSupported: true,
silly testEngine   _npmVersion: '1.0.106',
silly testEngine   _nodeVersion: 'v0.6.8',
silly testEngine   _defaultsLoaded: true }
verbose caching /shared/users/$ez/ezs/171900/node_modules/jade/package.json
verbose loadDefaults jade@0.25.0
silly testEngine { name: 'ejs',
silly testEngine   description: 'Embedded JavaScript templates',
silly testEngine   version: '0.7.1',
silly testEngine   author: { name: 'TJ Holowaychuk', email: 'tj@vision-media.ca' },
silly testEngine   keywords: [ 'template', 'engine', 'ejs' ],
silly testEngine   devDependencies: { mocha: '*' },
silly testEngine   main: './lib/ejs.js',
silly testEngine   _id: 'ejs@0.7.1',
silly testEngine   dependencies: {},
silly testEngine   engines: { node: '*' },
silly testEngine   _engineSupported: true,
silly testEngine   _npmVersion: '1.0.106',
silly testEngine   _nodeVersion: 'v0.6.8',
silly testEngine   _defaultsLoaded: true }
verbose caching /shared/users/$ez/ezs/171900/node_modules/ejs/package.json
verbose loadDefaults ejs@0.7.1
silly testEngine { name: 'express',
silly testEngine   description: 'Sinatra inspired web development framework',
silly testEngine   version: '3.0.0alpha1',
silly testEngine   author: { name: 'TJ Holowaychuk', email: 'tj@vision-media.ca' },
silly testEngine   contributors: 
silly testEngine    [ { name: 'TJ Holowaychuk', email: 'tj@vision-media.ca' },
silly testEngine      { name: 'Aaron Heckmann',
silly testEngine        email: 'aaron.heckmann+github@gmail.com' },
silly testEngine      { name: 'Ciaran Jessup', email: 'ciaranj@gmail.com' },
silly testEngine      { name: 'Guillermo Rauch', email: 'rauchg@gmail.com' } ],
silly testEngine   dependencies: 
silly testEngine    { connect: '2.1.2',
silly testEngine      commander: '0.5.2',
silly testEngine      mime: '1.2.5',
silly testEngine      mkdirp: '0.3.1',
silly testEngine      debug: '*' },
silly testEngine   devDependencies: 
silly testEngine    { ejs: '*',
silly testEngine      mocha: '*',
silly testEngine      jade: '*',
silly testEngine      stylus: '*',
silly testEngine      should: '*',
silly testEngine      'connect-redis': '*',
silly testEngine      'github-flavored-markdown': '*' },
silly testEngine   keywords: 
silly testEngine    [ 'express',
silly testEngine      'framework',
silly testEngine      'sinatra',
silly testEngine      'web',
silly testEngine      'rest',
silly testEngine      'restful',
silly testEngine      'router' ],
silly testEngine   repository: { type: 'git', url: 'git://github.com/visionmedia/express.git' },
silly testEngine   main: 'index',
silly testEngine   bin: { express: './bin/express' },
silly testEngine   scripts: { prepublish: 'npm prune', test: 'make test' },
silly testEngine   engines: { node: '>= 0.5.0 < 0.7.0' },
silly testEngine   _id: 'express@3.0.0alpha1',
silly testEngine   _engineSupported: true,
silly testEngine   _npmVersion: '1.0.106',
silly testEngine   _nodeVersion: 'v0.6.8',
silly testEngine   _defaultsLoaded: true }
verbose caching /shared/users/$ez/ezs/171900/node_modules/express/package.json
verbose loadDefaults express@3.0.0alpha1
silly testEngine { name: 'socket.io',
silly testEngine   version: '0.9.6',
silly testEngine   description: 'Real-time apps made cross-browser & easy with a WebSocket-like API',
silly testEngine   homepage: 'http://socket.io',
silly testEngine   keywords: [ 'websocket', 'socket', 'realtime', 'socket.io', 'comet', 'ajax' ],
silly testEngine   author: { name: 'Guillermo Rauch', email: 'guillermo@learnboost.com' },
silly testEngine   contributors: 
silly testEngine    [ { name: 'Guillermo Rauch', email: 'rauchg@gmail.com' },
silly testEngine      { name: 'Arnout Kazemier', email: 'info@3rd-eden.com' },
silly testEngine      { name: 'Vladimir Dronnikov', email: 'dronnikov@gmail.com' },
silly testEngine      { name: 'Einar Otto Stangvik', email: 'einaros@gmail.com' } ],
silly testEngine   repository: 
silly testEngine    { type: 'git',
silly testEngine      url: 'git://github.com/LearnBoost/socket.io.git' },
silly testEngine   dependencies: 
silly testEngine    { 'socket.io-client': '0.9.6',
silly testEngine      policyfile: '0.0.4',
silly testEngine      redis: '0.6.7' },
silly testEngine   devDependencies: 
silly testEngine    { expresso: '0.9.2',
silly testEngine      should: '0.0.4',
silly testEngine      benchmark: '0.2.2',
silly testEngine      microtime: '0.1.3-1',
silly testEngine      colors: '0.5.1' },
silly testEngine   main: 'index',
silly testEngine   engines: { node: '>= 0.4.0' },
silly testEngine   scripts: { test: 'make test' },
silly testEngine   _id: 'socket.io@0.9.6',
silly testEngine   _engineSupported: true,
silly testEngine   _npmVersion: '1.0.106',
silly testEngine   _nodeVersion: 'v0.6.8',
silly testEngine   _defaultsLoaded: true }
verbose caching /shared/users/$ez/ezs/171900/node_modules/socket.io/package.json
verbose loadDefaults socket.io@0.9.6
verbose into /shared/users/$ez/ezs/171900 [ 'http' ]
verbose cache add http
verbose cache add [ 'http', null ]
silly cache add: name, spec, args [ undefined, 'http', [ 'http', null ] ]
verbose parsed url { pathname: 'http', path: 'http', href: 'http' }
info addNamed [ 'http', '' ]
verbose addNamed [ null, '' ]
verbose GET http
verbose raw, before any munging http
verbose url resolving [ 'https://registry.npmjs.org/', './http' ]
verbose url resolved https://registry.npmjs.org/http
silly get cb [ 404,
silly get cb   { server: 'CouchDB/1.2.0 (Erlang OTP/R15B)',
silly get cb     date: 'Thu, 19 Apr 2012 09:01:25 GMT',
silly get cb     'content-type': 'application/json',
silly get cb     'content-length': '52',
silly get cb     'cache-control': 'must-revalidate' } ]
ERR! 404 'http' is not in the npm registry.
ERR! 404 You could maybe bug the author to publish it
ERR! 404 Note that you can also install from a tarball or folder.
ERR! 
ERR! System SunOS 5.11
ERR! command "/shared/software/c9/support/node-c9-builds/bin/node-sunos-v0.6.8-security" "/shared/users/$ez/ezs/npm/bin/npm-cli.js" "install" "http"
ERR! cwd /shared/users/$ez/ezs/171900
ERR! node -v v0.6.8
ERR! npm -v 1.0.106
ERR! code E404
verbose exit [ 1, true ]
